2017/11/13 12:11:13 [I] Start application
2017/11/13 12:11:32 [I] Start echo
2017/11/13 12:11:32 [I] Read ICCID Finished!
2017/11/13 12:11:36 [I] ICAO
2017/11/13 12:11:36 [I] BAC Established
2017/11/13 12:11:38 [I] Read Passport Info Finished!
2017/11/13 12:28:19 [I] Start application
2017/11/13 12:36:34 [I] Start application on port 4000
2017/11/13 12:36:43 [I] Start echo
2017/11/13 12:36:44 [I] Read ICCID Finished!
2017/11/13 12:36:47 [I] ICAO
2017/11/13 12:36:47 [I] BAC Established
2017/11/13 12:36:48 [I] Read Passport Info Finished!
2017/11/13 14:11:20 [I] Start application on port 4000
2017/11/13 14:11:34 [I] Start echo
2017/11/13 14:11:34 [E] No serial ports found!
2017/11/13 14:12:05 [I] Start application on port 4000
2017/11/13 14:12:12 [I] Start echo
2017/11/13 14:12:12 [I] Read ICCID Finished!
2017/11/13 14:12:16 [I] ICAO
2017/11/13 14:12:16 [I] BAC Established
2017/11/13 14:12:17 [I] Read Passport Info Finished!
2017/11/13 14:13:09 [I] Start echo
2017/11/13 14:13:10 [I] Read ICCID Finished!
2017/11/13 14:13:13 [I] ICAO
2017/11/13 14:13:13 [I] BAC Established
2017/11/13 14:13:14 [I] Read Passport Info Finished!
2017/11/13 14:13:59 [I] Start echo
2017/11/13 14:14:00 [I] Read ICCID Finished!
2017/11/13 14:14:03 [I] ICAO
2017/11/13 14:14:03 [I] BAC Established
2017/11/13 14:14:04 [I] Read Passport Info Finished!
2017/11/13 14:14:27 [I] Start echo
2017/11/13 14:14:28 [I] Read ICCID Finished!
2017/11/13 14:14:31 [I] ICAO
2017/11/13 14:14:31 [I] BAC Established
2017/11/13 14:14:32 [I] Read Passport Info Finished!
2017/11/13 14:14:48 [I] Start application on port 4000
2017/11/13 14:14:52 [I] Start echo
2017/11/13 14:14:52 [I] Read ICCID Finished!
2017/11/13 14:14:55 [I] ICAO
2017/11/13 14:14:55 [I] BAC Established
2017/11/13 14:14:56 [I] Read Passport Info Finished!
2017/11/13 14:16:00 [I] Start echo
2017/11/13 14:16:00 [I] Read ICCID Finished!
2017/11/13 14:16:04 [I] ICAO
2017/11/13 14:16:04 [I] BAC Established
2017/11/13 14:16:05 [I] Read Passport Info Finished!
2017/11/13 14:17:03 [I] Start echo
2017/11/13 14:17:03 [I] Read ICCID Finished!
2017/11/13 14:17:07 [I] ICAO
2017/11/13 14:17:07 [I] BAC Established
2017/11/13 14:17:08 [I] Read Passport Info Finished!
2017/11/13 14:17:32 [I] Start echo
2017/11/13 14:17:32 [I] Read ICCID Finished!
2017/11/13 14:17:35 [I] ICAO
2017/11/13 14:17:35 [I] BAC Established
2017/11/13 14:17:37 [I] Read Passport Info Finished!
2017/11/13 14:22:19 [I] Start echo
2017/11/13 14:22:19 [I] Read ICCID Finished!
2017/11/13 14:22:22 [I] ICAO
2017/11/13 14:22:22 [I] BAC Established
2017/11/13 14:22:24 [I] Read Passport Info Finished!
2017/11/13 14:23:25 [I] Start echo
2017/11/13 14:23:25 [I] Read ICCID Finished!
2017/11/13 14:23:28 [I] ICAO
2017/11/13 14:23:28 [I] BAC Established
2017/11/13 14:23:30 [I] Read Passport Info Finished!
2017/11/13 14:27:54 [I] Start application on port 4000
2017/11/13 14:28:12 [I] Start echo
2017/11/13 14:28:13 [I] Read ICCID Finished!
2017/11/13 14:28:16 [I] ICAO
2017/11/13 14:28:16 [I] BAC Established
2017/11/13 14:28:17 [I] Read Passport Info Finished!
2017/11/13 14:28:51 [I] Start echo
2017/11/13 14:28:51 [I] Read ICCID Finished!
2017/11/13 14:28:55 [I] ICAO
2017/11/13 14:28:55 [I] BAC Established
2017/11/13 14:28:56 [I] Read Passport Info Finished!
2017/11/13 15:48:07 [I] Start application on port 4000
2017/11/13 15:48:39 [I] Start echo
2017/11/13 15:48:39 [E] No serial ports found!
2017/11/13 15:48:39 [E] Error Connect: %!(EXTRA scard.Error=scard: error(80100009): The specified reader name is not recognized.)
2017/11/13 15:49:00 [I] Start application on port 4000
2017/11/13 15:49:04 [I] Start echo
2017/11/13 15:49:04 [I] Read ICCID Finished!
2017/11/13 15:49:07 [I] ICAO
2017/11/13 15:49:07 [I] BAC Established
2017/11/13 15:49:08 [I] Read Passport Info Finished!
2017/11/13 15:50:45 [I] Start echo
2017/11/13 15:50:45 [I] Read ICCID Finished!
2017/11/13 15:50:48 [I] ICAO
2017/11/13 15:50:48 [I] BAC Established
2017/11/13 15:50:49 [I] Read Passport Info Finished!
2017/11/13 17:15:19 [I] Start application on port 4000
2017/11/13 17:15:26 [I] Start echo
2017/11/13 17:15:26 [I] Read ICCID Finished!
2017/11/13 17:15:29 [I] ICAO
2017/11/13 17:15:29 [I] BAC Established
2017/11/13 17:15:30 [I] Read Passport Info Finished!
2017/11/13 17:22:53 [I] Start echo
2017/11/13 17:22:53 [I] Read ICCID Finished!
2017/11/13 17:22:57 [I] ICAO
2017/11/13 17:22:57 [I] BAC Established
2017/11/13 17:22:58 [I] Read Passport Info Finished!
2017/11/13 17:23:05 [I] Start echo
2017/11/13 17:23:05 [I] Read ICCID Finished!
2017/11/13 17:23:09 [I] ICAO
2017/11/13 17:23:09 [I] BAC Established
2017/11/13 17:23:10 [I] Read Passport Info Finished!
2017/11/13 17:23:26 [I] Start echo
2017/11/13 17:23:26 [I] Read ICCID Finished!
2017/11/13 17:23:29 [I] ICAO
2017/11/13 17:23:29 [I] BAC Established
2017/11/13 17:23:31 [I] Read Passport Info Finished!
2017/11/13 17:23:53 [I] Start echo
2017/11/13 17:23:53 [I] Read ICCID Finished!
2017/11/13 17:23:56 [I] ICAO
2017/11/13 17:23:56 [I] BAC Established
2017/11/13 17:23:58 [I] Read Passport Info Finished!
2017/11/13 17:24:36 [I] Start echo
2017/11/13 17:24:36 [I] Read ICCID Finished!
2017/11/13 17:24:39 [I] ICAO
2017/11/13 17:24:39 [I] BAC Established
2017/11/13 17:24:40 [I] Read Passport Info Finished!
2017/11/13 17:29:45 [I] Start echo
2017/11/13 17:29:45 [I] Read ICCID Finished!
2017/11/13 17:29:49 [I] ICAO
2017/11/13 17:29:49 [I] BAC Established
2017/11/13 17:29:50 [I] Read Passport Info Finished!
2017/11/13 17:30:24 [I] Start echo
2017/11/13 17:30:25 [I] Read ICCID Finished!
2017/11/13 17:30:28 [I] ICAO
2017/11/13 17:30:28 [I] BAC Established
2017/11/13 17:30:29 [I] Read Passport Info Finished!
2017/11/13 17:33:24 [I] Start echo
2017/11/13 17:33:24 [I] Read ICCID Finished!
2017/11/13 17:33:27 [I] ICAO
2017/11/13 17:33:27 [I] BAC Established
2017/11/13 17:33:32 [I] Start application on port 4000
2017/11/13 17:33:40 [I] Start echo
2017/11/13 17:33:40 [I] Read ICCID Finished!
2017/11/13 17:33:44 [E] Error when connect reader
2017/11/13 17:33:44 [I] Read Passport Info Finished!
2017/11/13 17:33:50 [I] Start application on port 4000
2017/11/13 17:33:57 [I] Start echo
2017/11/13 17:33:57 [I] Read ICCID Finished!
2017/11/13 17:34:00 [I] ICAO
2017/11/13 17:34:00 [I] BAC Established
2017/11/13 17:34:01 [I] Read Passport Info Finished!
2017/11/13 17:38:07 [I] Start application on port 4000
2017/11/13 17:38:21 [I] Start echo
2017/11/13 17:38:21 [I] Read ICCID Finished!
2017/11/13 17:38:24 [I] ICAO
2017/11/13 17:38:24 [I] BAC Established
2017/11/13 17:38:25 [I] Read Passport Info Finished!
2017/11/13 17:39:24 [I] Start echo
2017/11/13 17:39:24 [I] Read ICCID Finished!
2017/11/13 17:39:27 [I] ICAO
2017/11/13 17:39:28 [I] BAC Established
2017/11/13 17:39:29 [I] Read Passport Info Finished!
